<?xml version="1.0" encoding="UTF-8"?>
<testsuite xmlns:xsi="http://www.w3.org/2001/XMLSchema-instance" xsi:noNamespaceSchemaLocation="https://maven.apache.org/surefire/maven-surefire-plugin/xsd/surefire-test-report.xsd" version="3.0.2" name="TestSuite" time="35.865" tests="2" errors="0" skipped="0" failures="0">
  <properties>
    <property name="java.specification.version" value="21"/>
    <property name="sun.jnu.encoding" value="UTF-8"/>
    <property name="sun.awt.enableExtraMouseButtons" value="true"/>
    <property name="java.class.path" value="/Users/swamy/eclipse-workspace/OpencartV121/target/test-classes:/Users/swamy/eclipse-workspace/OpencartV121/target/classes:/Users/swamy/.m2/repository/org/seleniumhq/selenium/selenium-java/4.37.0/selenium-java-4.37.0.jar:/Users/swamy/.m2/repository/org/seleniumhq/selenium/selenium-api/4.37.0/selenium-api-4.37.0.jar:/Users/swamy/.m2/repository/org/jspecify/jspecify/1.0.0/jspecify-1.0.0.jar:/Users/swamy/.m2/repository/org/seleniumhq/selenium/selenium-chrome-driver/4.37.0/selenium-chrome-driver-4.37.0.jar:/Users/swamy/.m2/repository/com/google/auto/service/auto-service-annotations/1.1.1/auto-service-annotations-1.1.1.jar:/Users/swamy/.m2/repository/org/seleniumhq/selenium/selenium-chromium-driver/4.37.0/selenium-chromium-driver-4.37.0.jar:/Users/swamy/.m2/repository/org/seleniumhq/selenium/selenium-json/4.37.0/selenium-json-4.37.0.jar:/Users/swamy/.m2/repository/org/seleniumhq/selenium/selenium-manager/4.37.0/selenium-manager-4.37.0.jar:/Users/swamy/.m2/repository/org/seleniumhq/selenium/selenium-devtools-v139/4.37.0/selenium-devtools-v139-4.37.0.jar:/Users/swamy/.m2/repository/org/seleniumhq/selenium/selenium-devtools-v140/4.37.0/selenium-devtools-v140-4.37.0.jar:/Users/swamy/.m2/repository/org/seleniumhq/selenium/selenium-devtools-v141/4.37.0/selenium-devtools-v141-4.37.0.jar:/Users/swamy/.m2/repository/org/seleniumhq/selenium/selenium-edge-driver/4.37.0/selenium-edge-driver-4.37.0.jar:/Users/swamy/.m2/repository/org/seleniumhq/selenium/selenium-firefox-driver/4.37.0/selenium-firefox-driver-4.37.0.jar:/Users/swamy/.m2/repository/org/seleniumhq/selenium/selenium-http/4.37.0/selenium-http-4.37.0.jar:/Users/swamy/.m2/repository/org/seleniumhq/selenium/selenium-ie-driver/4.37.0/selenium-ie-driver-4.37.0.jar:/Users/swamy/.m2/repository/org/seleniumhq/selenium/selenium-remote-driver/4.37.0/selenium-remote-driver-4.37.0.jar:/Users/swamy/.m2/repository/com/google/guava/guava/33.5.0-jre/guava-33.5.0-jre.jar:/Users/swamy/.m2/repository/com/google/guava/failureaccess/1.0.3/failureaccess-1.0.3.jar:/Users/swamy/.m2/repository/com/google/guava/listenablefuture/9999.0-empty-to-avoid-conflict-with-guava/listenablefuture-9999.0-empty-to-avoid-conflict-with-guava.jar:/Users/swamy/.m2/repository/com/google/errorprone/error_prone_annotations/2.41.0/error_prone_annotations-2.41.0.jar:/Users/swamy/.m2/repository/com/google/j2objc/j2objc-annotations/3.1/j2objc-annotations-3.1.jar:/Users/swamy/.m2/repository/io/opentelemetry/opentelemetry-api/1.55.0/opentelemetry-api-1.55.0.jar:/Users/swamy/.m2/repository/io/opentelemetry/opentelemetry-context/1.55.0/opentelemetry-context-1.55.0.jar:/Users/swamy/.m2/repository/io/opentelemetry/opentelemetry-common/1.55.0/opentelemetry-common-1.55.0.jar:/Users/swamy/.m2/repository/io/opentelemetry/opentelemetry-exporter-logging/1.55.0/opentelemetry-exporter-logging-1.55.0.jar:/Users/swamy/.m2/repository/io/opentelemetry/opentelemetry-sdk-common/1.55.0/opentelemetry-sdk-common-1.55.0.jar:/Users/swamy/.m2/repository/io/opentelemetry/opentelemetry-sdk-extension-autoconfigure-spi/1.55.0/opentelemetry-sdk-extension-autoconfigure-spi-1.55.0.jar:/Users/swamy/.m2/repository/io/opentelemetry/opentelemetry-sdk-extension-autoconfigure/1.55.0/opentelemetry-sdk-extension-autoconfigure-1.55.0.jar:/Users/swamy/.m2/repository/io/opentelemetry/opentelemetry-sdk-trace/1.55.0/opentelemetry-sdk-trace-1.55.0.jar:/Users/swamy/.m2/repository/io/opentelemetry/opentelemetry-sdk/1.55.0/opentelemetry-sdk-1.55.0.jar:/Users/swamy/.m2/repository/io/opentelemetry/opentelemetry-sdk-metrics/1.55.0/opentelemetry-sdk-metrics-1.55.0.jar:/Users/swamy/.m2/repository/io/opentelemetry/opentelemetry-sdk-logs/1.55.0/opentelemetry-sdk-logs-1.55.0.jar:/Users/swamy/.m2/repository/net/bytebuddy/byte-buddy/1.17.8/byte-buddy-1.17.8.jar:/Users/swamy/.m2/repository/org/seleniumhq/selenium/selenium-os/4.37.0/selenium-os-4.37.0.jar:/Users/swamy/.m2/repository/org/apache/commons/commons-exec/1.5.0/commons-exec-1.5.0.jar:/Users/swamy/.m2/repository/org/seleniumhq/selenium/selenium-safari-driver/4.37.0/selenium-safari-driver-4.37.0.jar:/Users/swamy/.m2/repository/org/seleniumhq/selenium/selenium-support/4.37.0/selenium-support-4.37.0.jar:/Users/swamy/.m2/repository/org/apache/poi/poi/5.4.1/poi-5.4.1.jar:/Users/swamy/.m2/repository/commons-codec/commons-codec/1.18.0/commons-codec-1.18.0.jar:/Users/swamy/.m2/repository/org/apache/commons/commons-collections4/4.4/commons-collections4-4.4.jar:/Users/swamy/.m2/repository/org/apache/commons/commons-math3/3.6.1/commons-math3-3.6.1.jar:/Users/swamy/.m2/repository/com/zaxxer/SparseBitSet/1.3/SparseBitSet-1.3.jar:/Users/swamy/.m2/repository/org/apache/poi/poi-ooxml/5.4.1/poi-ooxml-5.4.1.jar:/Users/swamy/.m2/repository/org/apache/poi/poi-ooxml-lite/5.4.1/poi-ooxml-lite-5.4.1.jar:/Users/swamy/.m2/repository/org/apache/xmlbeans/xmlbeans/5.3.0/xmlbeans-5.3.0.jar:/Users/swamy/.m2/repository/org/apache/commons/commons-compress/1.27.1/commons-compress-1.27.1.jar:/Users/swamy/.m2/repository/com/github/virtuald/curvesapi/1.08/curvesapi-1.08.jar:/Users/swamy/.m2/repository/org/apache/logging/log4j/log4j-core/2.25.2/log4j-core-2.25.2.jar:/Users/swamy/.m2/repository/org/apache/logging/log4j/log4j-api/2.25.2/log4j-api-2.25.2.jar:/Users/swamy/.m2/repository/commons-io/commons-io/2.20.0/commons-io-2.20.0.jar:/Users/swamy/.m2/repository/org/apache/commons/commons-lang3/3.19.0/commons-lang3-3.19.0.jar:/Users/swamy/.m2/repository/org/apache/logging/log4j/log4j-slf4j2-impl/2.25.2/log4j-slf4j2-impl-2.25.2.jar:/Users/swamy/.m2/repository/org/slf4j/slf4j-api/2.0.17/slf4j-api-2.0.17.jar:/Users/swamy/.m2/repository/org/testng/testng/7.11.0/testng-7.11.0.jar:/Users/swamy/.m2/repository/org/jcommander/jcommander/1.83/jcommander-1.83.jar:/Users/swamy/.m2/repository/org/webjars/jquery/3.7.1/jquery-3.7.1.jar:/Users/swamy/.m2/repository/com/aventstack/extentreports/5.1.2/extentreports-5.1.2.jar:/Users/swamy/.m2/repository/io/reactivex/rxjava3/rxjava/3.1.6/rxjava-3.1.6.jar:/Users/swamy/.m2/repository/org/reactivestreams/reactive-streams/1.0.4/reactive-streams-1.0.4.jar:/Users/swamy/.m2/repository/org/freemarker/freemarker/2.3.32/freemarker-2.3.32.jar:/Users/swamy/.m2/repository/org/projectlombok/lombok/1.18.26/lombok-1.18.26.jar:/Users/swamy/.m2/repository/com/google/code/gson/gson/2.10.1/gson-2.10.1.jar:"/>
    <property name="java.vm.vendor" value="Oracle Corporation"/>
    <property name="sun.arch.data.model" value="64"/>
    <property name="java.vendor.url" value="https://java.oracle.com/"/>
    <property name="user.timezone" value="Asia/Kolkata"/>
    <property name="os.name" value="Mac OS X"/>
    <property name="java.vm.specification.version" value="21"/>
    <property name="sun.java.launcher" value="SUN_STANDARD"/>
    <property name="user.country" value="IN"/>
    <property name="sun.boot.library.path" value="/Library/Java/JavaVirtualMachines/jdk-21.jdk/Contents/Home/lib"/>
    <property name="sun.java.command" value="/Users/swamy/eclipse-workspace/OpencartV121/target/surefire/surefirebooter-20251026130231953_3.jar /Users/swamy/eclipse-workspace/OpencartV121/target/surefire 2025-10-26T13-02-31_622-jvmRun1 surefire-20251026130231953_1tmp surefire_0-20251026130231953_2tmp"/>
    <property name="http.nonProxyHosts" value="local|*.local|169.254/16|*.169.254/16"/>
    <property name="jdk.debug" value="release"/>
    <property name="surefire.test.class.path" value="/Users/swamy/eclipse-workspace/OpencartV121/target/test-classes:/Users/swamy/eclipse-workspace/OpencartV121/target/classes:/Users/swamy/.m2/repository/org/seleniumhq/selenium/selenium-java/4.37.0/selenium-java-4.37.0.jar:/Users/swamy/.m2/repository/org/seleniumhq/selenium/selenium-api/4.37.0/selenium-api-4.37.0.jar:/Users/swamy/.m2/repository/org/jspecify/jspecify/1.0.0/jspecify-1.0.0.jar:/Users/swamy/.m2/repository/org/seleniumhq/selenium/selenium-chrome-driver/4.37.0/selenium-chrome-driver-4.37.0.jar:/Users/swamy/.m2/repository/com/google/auto/service/auto-service-annotations/1.1.1/auto-service-annotations-1.1.1.jar:/Users/swamy/.m2/repository/org/seleniumhq/selenium/selenium-chromium-driver/4.37.0/selenium-chromium-driver-4.37.0.jar:/Users/swamy/.m2/repository/org/seleniumhq/selenium/selenium-json/4.37.0/selenium-json-4.37.0.jar:/Users/swamy/.m2/repository/org/seleniumhq/selenium/selenium-manager/4.37.0/selenium-manager-4.37.0.jar:/Users/swamy/.m2/repository/org/seleniumhq/selenium/selenium-devtools-v139/4.37.0/selenium-devtools-v139-4.37.0.jar:/Users/swamy/.m2/repository/org/seleniumhq/selenium/selenium-devtools-v140/4.37.0/selenium-devtools-v140-4.37.0.jar:/Users/swamy/.m2/repository/org/seleniumhq/selenium/selenium-devtools-v141/4.37.0/selenium-devtools-v141-4.37.0.jar:/Users/swamy/.m2/repository/org/seleniumhq/selenium/selenium-edge-driver/4.37.0/selenium-edge-driver-4.37.0.jar:/Users/swamy/.m2/repository/org/seleniumhq/selenium/selenium-firefox-driver/4.37.0/selenium-firefox-driver-4.37.0.jar:/Users/swamy/.m2/repository/org/seleniumhq/selenium/selenium-http/4.37.0/selenium-http-4.37.0.jar:/Users/swamy/.m2/repository/org/seleniumhq/selenium/selenium-ie-driver/4.37.0/selenium-ie-driver-4.37.0.jar:/Users/swamy/.m2/repository/org/seleniumhq/selenium/selenium-remote-driver/4.37.0/selenium-remote-driver-4.37.0.jar:/Users/swamy/.m2/repository/com/google/guava/guava/33.5.0-jre/guava-33.5.0-jre.jar:/Users/swamy/.m2/repository/com/google/guava/failureaccess/1.0.3/failureaccess-1.0.3.jar:/Users/swamy/.m2/repository/com/google/guava/listenablefuture/9999.0-empty-to-avoid-conflict-with-guava/listenablefuture-9999.0-empty-to-avoid-conflict-with-guava.jar:/Users/swamy/.m2/repository/com/google/errorprone/error_prone_annotations/2.41.0/error_prone_annotations-2.41.0.jar:/Users/swamy/.m2/repository/com/google/j2objc/j2objc-annotations/3.1/j2objc-annotations-3.1.jar:/Users/swamy/.m2/repository/io/opentelemetry/opentelemetry-api/1.55.0/opentelemetry-api-1.55.0.jar:/Users/swamy/.m2/repository/io/opentelemetry/opentelemetry-context/1.55.0/opentelemetry-context-1.55.0.jar:/Users/swamy/.m2/repository/io/opentelemetry/opentelemetry-common/1.55.0/opentelemetry-common-1.55.0.jar:/Users/swamy/.m2/repository/io/opentelemetry/opentelemetry-exporter-logging/1.55.0/opentelemetry-exporter-logging-1.55.0.jar:/Users/swamy/.m2/repository/io/opentelemetry/opentelemetry-sdk-common/1.55.0/opentelemetry-sdk-common-1.55.0.jar:/Users/swamy/.m2/repository/io/opentelemetry/opentelemetry-sdk-extension-autoconfigure-spi/1.55.0/opentelemetry-sdk-extension-autoconfigure-spi-1.55.0.jar:/Users/swamy/.m2/repository/io/opentelemetry/opentelemetry-sdk-extension-autoconfigure/1.55.0/opentelemetry-sdk-extension-autoconfigure-1.55.0.jar:/Users/swamy/.m2/repository/io/opentelemetry/opentelemetry-sdk-trace/1.55.0/opentelemetry-sdk-trace-1.55.0.jar:/Users/swamy/.m2/repository/io/opentelemetry/opentelemetry-sdk/1.55.0/opentelemetry-sdk-1.55.0.jar:/Users/swamy/.m2/repository/io/opentelemetry/opentelemetry-sdk-metrics/1.55.0/opentelemetry-sdk-metrics-1.55.0.jar:/Users/swamy/.m2/repository/io/opentelemetry/opentelemetry-sdk-logs/1.55.0/opentelemetry-sdk-logs-1.55.0.jar:/Users/swamy/.m2/repository/net/bytebuddy/byte-buddy/1.17.8/byte-buddy-1.17.8.jar:/Users/swamy/.m2/repository/org/seleniumhq/selenium/selenium-os/4.37.0/selenium-os-4.37.0.jar:/Users/swamy/.m2/repository/org/apache/commons/commons-exec/1.5.0/commons-exec-1.5.0.jar:/Users/swamy/.m2/repository/org/seleniumhq/selenium/selenium-safari-driver/4.37.0/selenium-safari-driver-4.37.0.jar:/Users/swamy/.m2/repository/org/seleniumhq/selenium/selenium-support/4.37.0/selenium-support-4.37.0.jar:/Users/swamy/.m2/repository/org/apache/poi/poi/5.4.1/poi-5.4.1.jar:/Users/swamy/.m2/repository/commons-codec/commons-codec/1.18.0/commons-codec-1.18.0.jar:/Users/swamy/.m2/repository/org/apache/commons/commons-collections4/4.4/commons-collections4-4.4.jar:/Users/swamy/.m2/repository/org/apache/commons/commons-math3/3.6.1/commons-math3-3.6.1.jar:/Users/swamy/.m2/repository/com/zaxxer/SparseBitSet/1.3/SparseBitSet-1.3.jar:/Users/swamy/.m2/repository/org/apache/poi/poi-ooxml/5.4.1/poi-ooxml-5.4.1.jar:/Users/swamy/.m2/repository/org/apache/poi/poi-ooxml-lite/5.4.1/poi-ooxml-lite-5.4.1.jar:/Users/swamy/.m2/repository/org/apache/xmlbeans/xmlbeans/5.3.0/xmlbeans-5.3.0.jar:/Users/swamy/.m2/repository/org/apache/commons/commons-compress/1.27.1/commons-compress-1.27.1.jar:/Users/swamy/.m2/repository/com/github/virtuald/curvesapi/1.08/curvesapi-1.08.jar:/Users/swamy/.m2/repository/org/apache/logging/log4j/log4j-core/2.25.2/log4j-core-2.25.2.jar:/Users/swamy/.m2/repository/org/apache/logging/log4j/log4j-api/2.25.2/log4j-api-2.25.2.jar:/Users/swamy/.m2/repository/commons-io/commons-io/2.20.0/commons-io-2.20.0.jar:/Users/swamy/.m2/repository/org/apache/commons/commons-lang3/3.19.0/commons-lang3-3.19.0.jar:/Users/swamy/.m2/repository/org/apache/logging/log4j/log4j-slf4j2-impl/2.25.2/log4j-slf4j2-impl-2.25.2.jar:/Users/swamy/.m2/repository/org/slf4j/slf4j-api/2.0.17/slf4j-api-2.0.17.jar:/Users/swamy/.m2/repository/org/testng/testng/7.11.0/testng-7.11.0.jar:/Users/swamy/.m2/repository/org/jcommander/jcommander/1.83/jcommander-1.83.jar:/Users/swamy/.m2/repository/org/webjars/jquery/3.7.1/jquery-3.7.1.jar:/Users/swamy/.m2/repository/com/aventstack/extentreports/5.1.2/extentreports-5.1.2.jar:/Users/swamy/.m2/repository/io/reactivex/rxjava3/rxjava/3.1.6/rxjava-3.1.6.jar:/Users/swamy/.m2/repository/org/reactivestreams/reactive-streams/1.0.4/reactive-streams-1.0.4.jar:/Users/swamy/.m2/repository/org/freemarker/freemarker/2.3.32/freemarker-2.3.32.jar:/Users/swamy/.m2/repository/org/projectlombok/lombok/1.18.26/lombok-1.18.26.jar:/Users/swamy/.m2/repository/com/google/code/gson/gson/2.10.1/gson-2.10.1.jar:"/>
    <property name="sun.cpu.endian" value="little"/>
    <property name="user.home" value="/Users/swamy"/>
    <property name="user.language" value="en"/>
    <property name="java.specification.vendor" value="Oracle Corporation"/>
    <property name="java.version.date" value="2025-01-21"/>
    <property name="java.home" value="/Library/Java/JavaVirtualMachines/jdk-21.jdk/Contents/Home"/>
    <property name="file.separator" value="/"/>
    <property name="basedir" value="/Users/swamy/eclipse-workspace/OpencartV121"/>
    <property name="java.vm.compressedOopsMode" value="Zero based"/>
    <property name="line.separator" value="&#10;"/>
    <property name="java.vm.specification.vendor" value="Oracle Corporation"/>
    <property name="java.specification.name" value="Java Platform API Specification"/>
    <property name="apple.awt.application.name" value="ForkedBooter"/>
    <property name="surefire.real.class.path" value="/Users/swamy/eclipse-workspace/OpencartV121/target/surefire/surefirebooter-20251026130231953_3.jar"/>
    <property name="sun.management.compiler" value="HotSpot 64-Bit Tiered Compilers"/>
    <property name="ftp.nonProxyHosts" value="local|*.local|169.254/16|*.169.254/16"/>
    <property name="java.runtime.version" value="21.0.6+8-LTS-188"/>
    <property name="user.name" value="swamy"/>
    <property name="stdout.encoding" value="UTF-8"/>
    <property name="path.separator" value=":"/>
    <property name="otel.metrics.exporter" value="none"/>
    <property name="os.version" value="13.7.8"/>
    <property name="java.runtime.name" value="Java(TM) SE Runtime Environment"/>
    <property name="otel.traces.exporter" value="none"/>
    <property name="file.encoding" value="UTF-8"/>
    <property name="java.vm.name" value="Java HotSpot(TM) 64-Bit Server VM"/>
    <property name="localRepository" value="/Users/swamy/.m2/repository"/>
    <property name="java.vendor.url.bug" value="https://bugreport.java.com/bugreport/"/>
    <property name="otel.logs.exporter" value="none"/>
    <property name="java.io.tmpdir" value="/var/folders/xx/_d24r2ln5xx31vmb5g3vlkhr0000gq/T/"/>
    <property name="java.version" value="21.0.6"/>
    <property name="user.dir" value="/Users/swamy/eclipse-workspace/OpencartV121"/>
    <property name="os.arch" value="x86_64"/>
    <property name="java.vm.specification.name" value="Java Virtual Machine Specification"/>
    <property name="native.encoding" value="UTF-8"/>
    <property name="java.library.path" value="/Users/swamy/Library/Java/Extensions:/Library/Java/Extensions:/Network/Library/Java/Extensions:/System/Library/Java/Extensions:/usr/lib/java:."/>
    <property name="java.vm.info" value="mixed mode, sharing"/>
    <property name="stderr.encoding" value="UTF-8"/>
    <property name="java.vendor" value="Oracle Corporation"/>
    <property name="java.vm.version" value="21.0.6+8-LTS-188"/>
    <property name="sun.io.unicode.encoding" value="UnicodeBig"/>
    <property name="socksNonProxyHosts" value="local|*.local|169.254/16|*.169.254/16"/>
    <property name="java.class.version" value="65.0"/>
  </properties>
  <testcase name="verify_account_registration" classname="testCases.TC001_AccountRegistrtaionTest" time="5.904">
    <system-err><![CDATA[Oct 26, 2025 1:02:41 PM org.openqa.selenium.remote.tracing.opentelemetry.OpenTelemetryTracer createTracer
INFO: Using OpenTelemetry for tracing
]]></system-err>
  </testcase>
  <testcase name="Login" classname="testCases.TC002_LoginTest" time="3.359"/>
</testsuite>