<?xml version="1.0" encoding="UTF-8"?>
<!-- Generated by org.testng.reporters.JUnitReportReporter -->
<testsuite hostname="apples-MacBook-Pro.local" failures="0" tests="2" name="testCases.TC002_LoginTest" time="4.673" errors="0" timestamp="2025-10-24T21:51:14 IST" skipped="0">
  <testcase classname="testCases.TC002_LoginTest" name="Login" time="2.427"/>
  <testcase classname="testCases.TC002_LoginTest" name="Login" time="2.246"/>
</testsuite> <!-- testCases.TC002_LoginTest -->
