<?xml version="1.0" encoding="UTF-8"?>
<!-- Generated by org.testng.reporters.JUnitReportReporter -->
<testsuite hostname="apples-MacBook-Pro.local" failures="0" tests="2" name="testCases.TC001_AccountRegistrtaionTest" time="7.828" errors="0" timestamp="2025-10-24T21:51:14 IST" skipped="0">
  <testcase classname="testCases.TC001_AccountRegistrtaionTest" name="verify_account_registration" time="3.729"/>
  <testcase classname="testCases.TC001_AccountRegistrtaionTest" name="verify_account_registration" time="4.099"/>
</testsuite> <!-- testCases.TC001_AccountRegistrtaionTest -->
