<?xml version="1.0" encoding="UTF-8"?>
<!-- Generated by org.testng.reporters.JUnitReportReporter -->
<testsuite hostname="apples-MacBook-Pro.local" failures="0" tests="1" name="testCases.LogIntest" time="0.861" errors="0" timestamp="2025-10-20T12:35:04 IST" skipped="0">
  <testcase classname="testCases.LogIntest" name="Login" time="0.861"/>
</testsuite> <!-- testCases.LogIntest -->
