<?xml version="1.0" encoding="UTF-8"?>
<!-- Generated by org.testng.reporters.JUnitReportReporter -->
<testsuite hostname="apples-MacBook-Pro.local" failures="0" tests="1" name="testCases.TC001_AccountRegistrtaionTest" time="5.880" errors="0" timestamp="2025-10-26T13:03:09 IST" skipped="0">
  <testcase classname="testCases.TC001_AccountRegistrtaionTest" name="verify_account_registration" time="5.880"/>
</testsuite> <!-- testCases.TC001_AccountRegistrtaionTest -->
