<?xml version="1.0" encoding="UTF-8"?>
<!-- Generated by org.testng.reporters.JUnitReportReporter -->
<testsuite hostname="apples-MacBook-Pro.local" failures="0" tests="1" name="testCases.TC002_LoginTest" time="3.358" errors="0" timestamp="2025-10-26T13:03:09 IST" skipped="0">
  <testcase classname="testCases.TC002_LoginTest" name="Login" time="3.358"/>
</testsuite> <!-- testCases.TC002_LoginTest -->
